Backend server listening at http://localhost:3001
[PNCP Modalidades] Buscando modalidades...
[PNCP Modos Disputa] Buscando modos de disputa...
[PNCP Tipos Instrumento] Buscando tipos de instrumento...
[PNCP Modalidades] Resposta recebida, keys: [
  '0',  '1',  '2',  '3',  '4',
  '5',  '6',  '7',  '8',  '9',
  '10', '11', '12', '13', '14',
  '15', '16', '17', '18'
]
[PNCP Modalidades] Lista extraída, tamanho: 19
[PNCP Modalidades] Retornando 19 modalidades
[PNCP Modos Disputa] Resposta recebida, keys: [ '0', '1', '2', '3', '4', '5' ]
[PNCP Modos Disputa] Lista extraída, tamanho: 6
[PNCP Modos Disputa] Retornando 6 modos
[PNCP Tipos Instrumento] Resposta recebida, keys: [ '0', '1', '2', '3' ]
[PNCP Tipos Instrumento] Lista extraída, tamanho: 4
[PNCP Tipos Instrumento] Retornando 4 tipos
[PNCP Filter] Before client-side filter: 221 items
[PNCP Filter] Filtering by orgao: "", unidade: "200331"
[PNCP Filter] Sample normalized item: {
  orgao: {
    cnpj: '19493732000199',
    nome: 'CONSORCIO INTERFEDERATIVO MINAS GERAIS - CIMINAS',
    id: '20018'
  },
  unidade: { codigo: '1931', nome: 'Unidade Única', id: '2969067' },
  titulo: 'Edital de Chamamento Público nº 72/2025'
}
[PNCP Filter] Item check: {
  titulo: 'Edital de Chamamento Público nº 72/2025',
  unidadeCodigo: '1931',
  unidadeNome: 'unidade unica',
  matchesUnidade: false,
  matchesOrgao: true
}
[PNCP Filter] Item check: {
  titulo: 'Aviso de Contratação Direta nº 35563/202',
  unidadeCodigo: '1',
  unidadeNome: 'municipio de paulinia',
  matchesUnidade: false,
  matchesOrgao: true
}
[PNCP Filter] Item check: {
  titulo: 'Ato que autoriza a Contratação Direta nº',
  unidadeCodigo: '1',
  unidadeNome: 'prefeitura municipal de catanduva',
  matchesUnidade: false,
  matchesOrgao: true
}
[PNCP Filter] After client-side filter: 0 items
[PNCP Filter] Before client-side filter: 221 items
[PNCP Filter] Filtering by orgao: "", unidade: "200331"
[PNCP Filter] Sample normalized item: {
  orgao: {
    cnpj: '19493732000199',
    nome: 'CONSORCIO INTERFEDERATIVO MINAS GERAIS - CIMINAS',
    id: '20018'
  },
  unidade: { codigo: '1931', nome: 'Unidade Única', id: '2969067' },
  titulo: 'Edital de Chamamento Público nº 72/2025'
}
[PNCP Filter] Item check: {
  titulo: 'Edital de Chamamento Público nº 72/2025',
  unidadeCodigo: '1931',
  unidadeNome: 'unidade unica',
  matchesUnidade: false,
  matchesOrgao: true
}
[PNCP Filter] Item check: {
  titulo: 'Aviso de Contratação Direta nº 35563/202',
  unidadeCodigo: '1',
  unidadeNome: 'municipio de paulinia',
  matchesUnidade: false,
  matchesOrgao: true
}
[PNCP Filter] Item check: {
  titulo: 'Ato que autoriza a Contratação Direta nº',
  unidadeCodigo: '1',
  unidadeNome: 'prefeitura municipal de catanduva',
  matchesUnidade: false,
  matchesOrgao: true
}
[PNCP Filter] After client-side filter: 0 items
